2020-03-22 18:40:13,908 INFO org.springframework.boot.StartupInfoLogger [main] Starting BasicAccountWebappApplication on Womble1 with PID 17108 (C:\j8oxygenj2ee_workspace\BasicAccountWebapp\target\classes started by Paul in C:\j8oxygenj2ee_workspace\BasicAccountWebapp)
2020-03-22 18:40:13,915 INFO org.springframework.boot.SpringApplication [main] No active profile set, falling back to default profiles: default
2020-03-22 18:40:15,505 INFO org.springframework.boot.web.embedded.tomcat.TomcatWebServer [main] Tomcat initialized with port(s): 5000 (http)
2020-03-22 18:40:15,519 INFO org.apache.juli.logging.DirectJDKLog [main] Initializing ProtocolHandler ["http-nio-5000"]
2020-03-22 18:40:15,521 INFO org.apache.juli.logging.DirectJDKLog [main] Starting service [Tomcat]
2020-03-22 18:40:15,521 INFO org.apache.juli.logging.DirectJDKLog [main] Starting Servlet engine: [Apache Tomcat/9.0.31]
2020-03-22 18:40:15,673 INFO org.apache.juli.logging.DirectJDKLog [main] Initializing Spring embedded WebApplicationContext
2020-03-22 18:40:15,673 INFO org.springframework.boot.web.servlet.context.ServletWebServerApplicationContext [main] Root WebApplicationContext: initialization completed in 1658 ms
2020-03-22 18:40:15,904 INFO org.springframework.scheduling.concurrent.ExecutorConfigurationSupport [main] Initializing ExecutorService 'applicationTaskExecutor'
2020-03-22 18:40:16,103 INFO org.apache.juli.logging.DirectJDKLog [main] Starting ProtocolHandler ["http-nio-5000"]
2020-03-22 18:40:16,132 INFO org.apache.juli.logging.DirectJDKLog [main] Pausing ProtocolHandler ["http-nio-5000"]
2020-03-22 18:40:16,133 INFO org.apache.juli.logging.DirectJDKLog [main] Stopping service [Tomcat]
2020-03-22 18:40:16,138 INFO org.apache.juli.logging.DirectJDKLog [main] Stopping ProtocolHandler ["http-nio-5000"]
2020-03-22 18:40:16,139 INFO org.apache.juli.logging.DirectJDKLog [main] Destroying ProtocolHandler ["http-nio-5000"]
2020-03-22 18:40:16,141 INFO org.springframework.boot.autoconfigure.logging.ConditionEvaluationReportLoggingListener [main] 

Error starting ApplicationContext. To display the conditions report re-run your application with 'debug' enabled.
2020-03-22 18:40:16,144 ERROR org.springframework.boot.diagnostics.LoggingFailureAnalysisReporter [main] 

***************************
APPLICATION FAILED TO START
***************************

Description:

Web server failed to start. Port 5000 was already in use.

Action:

Identify and stop the process that's listening on port 5000 or configure this application to listen on another port.

2020-03-22 18:40:16,147 INFO org.springframework.scheduling.concurrent.ExecutorConfigurationSupport [main] Shutting down ExecutorService 'applicationTaskExecutor'
2020-03-22 18:40:36,862 INFO org.springframework.boot.StartupInfoLogger [main] Starting BasicAccountWebappApplication on Womble1 with PID 16672 (C:\j8oxygenj2ee_workspace\BasicAccountWebapp\target\classes started by Paul in C:\j8oxygenj2ee_workspace\BasicAccountWebapp)
2020-03-22 18:40:36,867 INFO org.springframework.boot.SpringApplication [main] No active profile set, falling back to default profiles: default
2020-03-22 18:40:38,419 INFO org.springframework.boot.web.embedded.tomcat.TomcatWebServer [main] Tomcat initialized with port(s): 5000 (http)
2020-03-22 18:40:38,434 INFO org.apache.juli.logging.DirectJDKLog [main] Initializing ProtocolHandler ["http-nio-5000"]
2020-03-22 18:40:38,435 INFO org.apache.juli.logging.DirectJDKLog [main] Starting service [Tomcat]
2020-03-22 18:40:38,435 INFO org.apache.juli.logging.DirectJDKLog [main] Starting Servlet engine: [Apache Tomcat/9.0.31]
2020-03-22 18:40:38,573 INFO org.apache.juli.logging.DirectJDKLog [main] Initializing Spring embedded WebApplicationContext
2020-03-22 18:40:38,573 INFO org.springframework.boot.web.servlet.context.ServletWebServerApplicationContext [main] Root WebApplicationContext: initialization completed in 1641 ms
2020-03-22 18:40:38,830 INFO org.springframework.scheduling.concurrent.ExecutorConfigurationSupport [main] Initializing ExecutorService 'applicationTaskExecutor'
2020-03-22 18:40:39,019 INFO org.apache.juli.logging.DirectJDKLog [main] Starting ProtocolHandler ["http-nio-5000"]
2020-03-22 18:40:39,059 INFO org.springframework.boot.web.embedded.tomcat.TomcatWebServer [main] Tomcat started on port(s): 5000 (http) with context path ''
2020-03-22 18:40:39,063 INFO org.springframework.boot.StartupInfoLogger [main] Started BasicAccountWebappApplication in 2.821 seconds (JVM running for 3.316)
2020-03-22 18:41:33,116 INFO org.apache.juli.logging.DirectJDKLog [http-nio-5000-exec-1] Initializing Spring DispatcherServlet 'dispatcherServlet'
2020-03-22 18:41:33,117 INFO org.springframework.web.servlet.FrameworkServlet [http-nio-5000-exec-1] Initializing Servlet 'dispatcherServlet'
2020-03-22 18:41:33,126 INFO org.springframework.web.servlet.FrameworkServlet [http-nio-5000-exec-1] Completed initialization in 7 ms
2020-03-22 18:41:33,169 INFO com.bank.ctrl.GreetingsController [http-nio-5000-exec-1] /greeting endpoint hit
2020-03-22 18:52:28,168 INFO org.springframework.boot.StartupInfoLogger [main] Starting BasicAccountWebappApplication on Womble1 with PID 2180 (C:\j8oxygenj2ee_workspace\BasicAccountWebapp\target\classes started by Paul in C:\j8oxygenj2ee_workspace\BasicAccountWebapp)
2020-03-22 18:52:28,173 INFO org.springframework.boot.SpringApplication [main] No active profile set, falling back to default profiles: default
2020-03-22 18:52:29,737 INFO org.springframework.boot.web.embedded.tomcat.TomcatWebServer [main] Tomcat initialized with port(s): 5000 (http)
2020-03-22 18:52:29,751 INFO org.apache.juli.logging.DirectJDKLog [main] Initializing ProtocolHandler ["http-nio-5000"]
2020-03-22 18:52:29,752 INFO org.apache.juli.logging.DirectJDKLog [main] Starting service [Tomcat]
2020-03-22 18:52:29,752 INFO org.apache.juli.logging.DirectJDKLog [main] Starting Servlet engine: [Apache Tomcat/9.0.31]
2020-03-22 18:52:29,875 INFO org.apache.juli.logging.DirectJDKLog [main] Initializing Spring embedded WebApplicationContext
2020-03-22 18:52:29,876 INFO org.springframework.boot.web.servlet.context.ServletWebServerApplicationContext [main] Root WebApplicationContext: initialization completed in 1634 ms
2020-03-22 18:52:30,111 INFO org.springframework.scheduling.concurrent.ExecutorConfigurationSupport [main] Initializing ExecutorService 'applicationTaskExecutor'
2020-03-22 18:52:30,342 INFO org.apache.juli.logging.DirectJDKLog [main] Starting ProtocolHandler ["http-nio-5000"]
2020-03-22 18:52:30,383 INFO org.springframework.boot.web.embedded.tomcat.TomcatWebServer [main] Tomcat started on port(s): 5000 (http) with context path ''
2020-03-22 18:52:30,387 INFO org.springframework.boot.StartupInfoLogger [main] Started BasicAccountWebappApplication in 2.873 seconds (JVM running for 3.493)
2020-03-22 18:52:57,052 INFO org.apache.juli.logging.DirectJDKLog [http-nio-5000-exec-1] Initializing Spring DispatcherServlet 'dispatcherServlet'
2020-03-22 18:52:57,052 INFO org.springframework.web.servlet.FrameworkServlet [http-nio-5000-exec-1] Initializing Servlet 'dispatcherServlet'
2020-03-22 18:52:57,060 INFO org.springframework.web.servlet.FrameworkServlet [http-nio-5000-exec-1] Completed initialization in 7 ms
